[2.002s] DEBUG:colcon:Command line arguments: ['/usr/bin/colcon', 'build']
[2.002s] DEBUG:colcon:Parsed command line arguments: Namespace(allow_overriding=[], ament_cmake_args=None, base_paths=['.'], build_base='build', catkin_cmake_args=None, catkin_skip_building_tests=False, cmake_args=None, cmake_clean_cache=False, cmake_clean_first=False, cmake_force_configure=False, cmake_target=None, cmake_target_skip_unavailable=False, continue_on_error=False, event_handlers=None, executor='parallel', ignore_user_meta=False, install_base='install', log_base=None, log_level=None, main=<bound method BuildVerb.main of <colcon_core.verb.build.BuildVerb object at 0x7f4988a9edc0>>, merge_install=False, metas=['./colcon.meta'], packages_above=None, packages_above_and_dependencies=None, packages_above_depth=None, packages_end=None, packages_ignore=None, packages_ignore_regex=None, packages_select=None, packages_select_build_failed=False, packages_select_by_dep=None, packages_select_regex=None, packages_select_test_failures=False, packages_skip=None, packages_skip_build_finished=False, packages_skip_by_dep=None, packages_skip_regex=None, packages_skip_test_passed=False, packages_skip_up_to=None, packages_start=None, packages_up_to=None, packages_up_to_regex=None, parallel_workers=12, paths=None, symlink_install=False, test_result_base=None, verb_extension=<colcon_core.verb.build.BuildVerb object at 0x7f4988a9edc0>, verb_name='build', verb_parser=<colcon_defaults.argument_parser.defaults.DefaultArgumentsDecorator object at 0x7f4988a9e4f0>)
[2.090s] Level 1:colcon.colcon_core.package_discovery:discover_packages(colcon_meta) check parameters
[2.090s] Level 1:colcon.colcon_core.package_discovery:discover_packages(recursive) check parameters
[2.090s] Level 1:colcon.colcon_core.package_discovery:discover_packages(ignore) check parameters
[2.090s] Level 1:colcon.colcon_core.package_discovery:discover_packages(path) check parameters
[2.090s] Level 1:colcon.colcon_core.package_discovery:discover_packages(colcon_meta) discover
[2.090s] Level 1:colcon.colcon_core.package_discovery:discover_packages(recursive) discover
[2.090s] INFO:colcon.colcon_core.package_discovery:Crawling recursively for packages in '/home/lab/ros2_ws'
[2.090s] Level 1:colcon.colcon_core.package_identification:_identify(.) by extensions ['ignore', 'ignore_ament_install']
[2.090s] Level 1:colcon.colcon_core.package_identification:_identify(.) by extension 'ignore'
[2.090s] Level 1:colcon.colcon_core.package_identification:_identify(.) by extension 'ignore_ament_install'
[2.090s] Level 1:colcon.colcon_core.package_identification:_identify(.) by extensions ['colcon_pkg']
[2.090s] Level 1:colcon.colcon_core.package_identification:_identify(.) by extension 'colcon_pkg'
[2.090s] Level 1:colcon.colcon_core.package_identification:_identify(.) by extensions ['colcon_meta']
[2.090s] Level 1:colcon.colcon_core.package_identification:_identify(.) by extension 'colcon_meta'
[2.090s] Level 1:colcon.colcon_core.package_identification:_identify(.) by extensions ['ros']
[2.090s] Level 1:colcon.colcon_core.package_identification:_identify(.) by extension 'ros'
[2.099s] Level 1:colcon.colcon_core.package_identification:_identify(.) by extensions ['cmake', 'python']
[2.099s] Level 1:colcon.colcon_core.package_identification:_identify(.) by extension 'cmake'
[2.099s] Level 1:colcon.colcon_core.package_identification:_identify(.) by extension 'python'
[2.099s] Level 1:colcon.colcon_core.package_identification:_identify(.) by extensions ['python_setup_py']
[2.099s] Level 1:colcon.colcon_core.package_identification:_identify(.) by extension 'python_setup_py'
[2.099s] Level 1:colcon.colcon_core.package_identification:_identify(build) by extensions ['ignore', 'ignore_ament_install']
[2.099s] Level 1:colcon.colcon_core.package_identification:_identify(build) by extension 'ignore'
[2.099s] Level 1:colcon.colcon_core.package_identification:_identify(build) ignored
[2.099s] Level 1:colcon.colcon_core.package_identification:_identify(install) by extensions ['ignore', 'ignore_ament_install']
[2.099s] Level 1:colcon.colcon_core.package_identification:_identify(install) by extension 'ignore'
[2.099s] Level 1:colcon.colcon_core.package_identification:_identify(install) ignored
[2.099s] Level 1:colcon.colcon_core.package_identification:_identify(log) by extensions ['ignore', 'ignore_ament_install']
[2.099s] Level 1:colcon.colcon_core.package_identification:_identify(log) by extension 'ignore'
[2.099s] Level 1:colcon.colcon_core.package_identification:_identify(log) ignored
[2.099s] Level 1:colcon.colcon_core.package_identification:_identify(src) by extensions ['ignore', 'ignore_ament_install']
[2.100s] Level 1:colcon.colcon_core.package_identification:_identify(src) by extension 'ignore'
[2.100s] Level 1:colcon.colcon_core.package_identification:_identify(src) by extension 'ignore_ament_install'
[2.100s] Level 1:colcon.colcon_core.package_identification:_identify(src) by extensions ['colcon_pkg']
[2.100s] Level 1:colcon.colcon_core.package_identification:_identify(src) by extension 'colcon_pkg'
[2.100s] Level 1:colcon.colcon_core.package_identification:_identify(src) by extensions ['colcon_meta']
[2.100s] Level 1:colcon.colcon_core.package_identification:_identify(src) by extension 'colcon_meta'
[2.100s] Level 1:colcon.colcon_core.package_identification:_identify(src) by extensions ['ros']
[2.100s] Level 1:colcon.colcon_core.package_identification:_identify(src) by extension 'ros'
[2.100s] Level 1:colcon.colcon_core.package_identification:_identify(src) by extensions ['cmake', 'python']
[2.100s] Level 1:colcon.colcon_core.package_identification:_identify(src) by extension 'cmake'
[2.100s] Level 1:colcon.colcon_core.package_identification:_identify(src) by extension 'python'
[2.100s] Level 1:colcon.colcon_core.package_identification:_identify(src) by extensions ['python_setup_py']
[2.100s] Level 1:colcon.colcon_core.package_identification:_identify(src) by extension 'python_setup_py'
[2.100s] Level 1:colcon.colcon_core.package_identification:_identify(src/my_ros2_package) by extensions ['ignore', 'ignore_ament_install']
[2.100s] Level 1:colcon.colcon_core.package_identification:_identify(src/my_ros2_package) by extension 'ignore'
[2.100s] Level 1:colcon.colcon_core.package_identification:_identify(src/my_ros2_package) by extension 'ignore_ament_install'
[2.100s] Level 1:colcon.colcon_core.package_identification:_identify(src/my_ros2_package) by extensions ['colcon_pkg']
[2.100s] Level 1:colcon.colcon_core.package_identification:_identify(src/my_ros2_package) by extension 'colcon_pkg'
[2.100s] Level 1:colcon.colcon_core.package_identification:_identify(src/my_ros2_package) by extensions ['colcon_meta']
[2.100s] Level 1:colcon.colcon_core.package_identification:_identify(src/my_ros2_package) by extension 'colcon_meta'
[2.101s] Level 1:colcon.colcon_core.package_identification:_identify(src/my_ros2_package) by extensions ['ros']
[2.101s] Level 1:colcon.colcon_core.package_identification:_identify(src/my_ros2_package) by extension 'ros'
[2.102s] DEBUG:colcon.colcon_core.package_identification:Package 'src/my_ros2_package' with type 'ros.ament_cmake' and name 'my_ros2_package'
[2.102s] Level 1:colcon.colcon_core.package_discovery:discover_packages(recursive) using defaults
[2.102s] Level 1:colcon.colcon_core.package_discovery:discover_packages(ignore) discover
[2.102s] Level 1:colcon.colcon_core.package_discovery:discover_packages(ignore) using defaults
[2.102s] Level 1:colcon.colcon_core.package_discovery:discover_packages(path) discover
[2.102s] Level 1:colcon.colcon_core.package_discovery:discover_packages(path) using defaults
[2.283s] Level 1:colcon.colcon_core.package_discovery:discover_packages(prefix_path) check parameters
[2.283s] Level 1:colcon.colcon_core.package_discovery:discover_packages(prefix_path) discover
[2.318s] WARNING:colcon.colcon_ros.prefix_path.ament:The path '/home/lab/ros2_ws/install/my_pkg' in the environment variable AMENT_PREFIX_PATH doesn't exist
[2.318s] WARNING:colcon.colcon_ros.prefix_path.catkin:The path '/home/lab/ros2_ws/install/my_pkg' in the environment variable CMAKE_PREFIX_PATH doesn't exist
[2.354s] DEBUG:colcon.colcon_installed_package_information.package_discovery:Found 0 installed packages in /home/lab/ros2_ws/install
[2.390s] DEBUG:colcon.colcon_installed_package_information.package_discovery:Found 263 installed packages in /opt/ros/foxy
[2.391s] Level 1:colcon.colcon_core.package_discovery:discover_packages(prefix_path) using defaults
[2.527s] Level 5:colcon.colcon_core.verb:set package 'my_ros2_package' build argument 'cmake_args' from command line to 'None'
[2.527s] Level 5:colcon.colcon_core.verb:set package 'my_ros2_package' build argument 'cmake_target' from command line to 'None'
[2.527s] Level 5:colcon.colcon_core.verb:set package 'my_ros2_package' build argument 'cmake_target_skip_unavailable' from command line to 'False'
[2.527s] Level 5:colcon.colcon_core.verb:set package 'my_ros2_package' build argument 'cmake_clean_cache' from command line to 'False'
[2.527s] Level 5:colcon.colcon_core.verb:set package 'my_ros2_package' build argument 'cmake_clean_first' from command line to 'False'
[2.527s] Level 5:colcon.colcon_core.verb:set package 'my_ros2_package' build argument 'cmake_force_configure' from command line to 'False'
[2.527s] Level 5:colcon.colcon_core.verb:set package 'my_ros2_package' build argument 'ament_cmake_args' from command line to 'None'
[2.528s] Level 5:colcon.colcon_core.verb:set package 'my_ros2_package' build argument 'catkin_cmake_args' from command line to 'None'
[2.528s] Level 5:colcon.colcon_core.verb:set package 'my_ros2_package' build argument 'catkin_skip_building_tests' from command line to 'False'
[2.528s] DEBUG:colcon.colcon_core.verb:Building package 'my_ros2_package' with the following arguments: {'ament_cmake_args': None, 'build_base': '/home/lab/ros2_ws/build/my_ros2_package', 'catkin_cmake_args': None, 'catkin_skip_building_tests': False, 'cmake_args': None, 'cmake_clean_cache': False, 'cmake_clean_first': False, 'cmake_force_configure': False, 'cmake_target': None, 'cmake_target_skip_unavailable': False, 'install_base': '/home/lab/ros2_ws/install/my_ros2_package', 'merge_install': False, 'path': '/home/lab/ros2_ws/src/my_ros2_package', 'symlink_install': False, 'test_result_base': None}
[2.561s] INFO:colcon.colcon_core.executor:Executing jobs using 'parallel' executor
[2.596s] DEBUG:colcon.colcon_parallel_executor.executor.parallel:run_until_complete
[2.596s] INFO:colcon.colcon_ros.task.ament_cmake.build:Building ROS package in '/home/lab/ros2_ws/src/my_ros2_package' with build type 'ament_cmake'
[2.596s] INFO:colcon.colcon_cmake.task.cmake.build:Building CMake package in '/home/lab/ros2_ws/src/my_ros2_package'
[2.633s] INFO:colcon.colcon_core.plugin_system:Skipping extension 'colcon_core.shell.bat': Not used on non-Windows systems
[2.633s] INFO:colcon.colcon_core.shell:Skip shell extension 'powershell' for command environment: Not usable outside of PowerShell
[2.633s] DEBUG:colcon.colcon_core.shell:Skip shell extension 'dsv' for command environment
[2.748s] DEBUG:colcon.colcon_core.event_handler.log_command:Invoking command in '/home/lab/ros2_ws/build/my_ros2_package': CMAKE_PREFIX_PATH=${CMAKE_PREFIX_PATH}:/opt/ros/foxy /usr/bin/cmake /home/lab/ros2_ws/src/my_ros2_package -DCMAKE_INSTALL_PREFIX=/home/lab/ros2_ws/install/my_ros2_package
[4.059s] DEBUG:colcon.colcon_core.event_handler.log_command:Invoked command in '/home/lab/ros2_ws/build/my_ros2_package' returned '0': CMAKE_PREFIX_PATH=${CMAKE_PREFIX_PATH}:/opt/ros/foxy /usr/bin/cmake /home/lab/ros2_ws/src/my_ros2_package -DCMAKE_INSTALL_PREFIX=/home/lab/ros2_ws/install/my_ros2_package
[4.061s] DEBUG:colcon.colcon_core.event_handler.log_command:Invoking command in '/home/lab/ros2_ws/build/my_ros2_package': CMAKE_PREFIX_PATH=${CMAKE_PREFIX_PATH}:/opt/ros/foxy /usr/bin/cmake --build /home/lab/ros2_ws/build/my_ros2_package -- -j12 -l12
[6.971s] DEBUG:colcon.colcon_core.event_handler.log_command:Invoked command in '/home/lab/ros2_ws/build/my_ros2_package' returned '0': CMAKE_PREFIX_PATH=${CMAKE_PREFIX_PATH}:/opt/ros/foxy /usr/bin/cmake --build /home/lab/ros2_ws/build/my_ros2_package -- -j12 -l12
[7.021s] DEBUG:colcon.colcon_core.event_handler.log_command:Invoking command in '/home/lab/ros2_ws/build/my_ros2_package': CMAKE_PREFIX_PATH=${CMAKE_PREFIX_PATH}:/opt/ros/foxy /usr/bin/cmake --install /home/lab/ros2_ws/build/my_ros2_package
[7.072s] Level 1:colcon.colcon_core.environment:create_environment_scripts_only(my_ros2_package)
[7.073s] DEBUG:colcon.colcon_core.event_handler.log_command:Invoked command in '/home/lab/ros2_ws/build/my_ros2_package' returned '0': CMAKE_PREFIX_PATH=${CMAKE_PREFIX_PATH}:/opt/ros/foxy /usr/bin/cmake --install /home/lab/ros2_ws/build/my_ros2_package
[7.113s] Level 1:colcon.colcon_core.environment:checking '/home/lab/ros2_ws/install/my_ros2_package' for CMake module files
[7.114s] Level 1:colcon.colcon_core.environment:checking '/home/lab/ros2_ws/install/my_ros2_package' for CMake config files
[7.114s] Level 1:colcon.colcon_core.shell:create_environment_hook('my_ros2_package', 'cmake_prefix_path')
[7.157s] INFO:colcon.colcon_core.shell:Creating environment hook '/home/lab/ros2_ws/install/my_ros2_package/share/my_ros2_package/hook/cmake_prefix_path.ps1'
[7.157s] INFO:colcon.colcon_core.shell:Creating environment descriptor '/home/lab/ros2_ws/install/my_ros2_package/share/my_ros2_package/hook/cmake_prefix_path.dsv'
[7.157s] INFO:colcon.colcon_core.shell:Creating environment hook '/home/lab/ros2_ws/install/my_ros2_package/share/my_ros2_package/hook/cmake_prefix_path.sh'
[7.158s] Level 1:colcon.colcon_core.environment:checking '/home/lab/ros2_ws/install/my_ros2_package/lib'
[7.158s] Level 1:colcon.colcon_core.shell:create_environment_hook('my_ros2_package', 'ld_library_path_lib')
[7.195s] INFO:colcon.colcon_core.shell:Creating environment hook '/home/lab/ros2_ws/install/my_ros2_package/share/my_ros2_package/hook/ld_library_path_lib.ps1'
[7.195s] INFO:colcon.colcon_core.shell:Creating environment descriptor '/home/lab/ros2_ws/install/my_ros2_package/share/my_ros2_package/hook/ld_library_path_lib.dsv'
[7.195s] INFO:colcon.colcon_core.shell:Creating environment hook '/home/lab/ros2_ws/install/my_ros2_package/share/my_ros2_package/hook/ld_library_path_lib.sh'
[7.196s] Level 1:colcon.colcon_core.environment:checking '/home/lab/ros2_ws/install/my_ros2_package/bin'
[7.196s] Level 1:colcon.colcon_core.environment:checking '/home/lab/ros2_ws/install/my_ros2_package/lib/pkgconfig/my_ros2_package.pc'
[7.196s] Level 1:colcon.colcon_core.environment:checking '/home/lab/ros2_ws/install/my_ros2_package/lib/python3.8/site-packages'
[7.196s] Level 1:colcon.colcon_core.shell:create_environment_hook('my_ros2_package', 'pythonpath')
[7.232s] INFO:colcon.colcon_core.shell:Creating environment hook '/home/lab/ros2_ws/install/my_ros2_package/share/my_ros2_package/hook/pythonpath.ps1'
[7.232s] INFO:colcon.colcon_core.shell:Creating environment descriptor '/home/lab/ros2_ws/install/my_ros2_package/share/my_ros2_package/hook/pythonpath.dsv'
[7.232s] INFO:colcon.colcon_core.shell:Creating environment hook '/home/lab/ros2_ws/install/my_ros2_package/share/my_ros2_package/hook/pythonpath.sh'
[7.233s] Level 1:colcon.colcon_core.environment:checking '/home/lab/ros2_ws/install/my_ros2_package/bin'
[7.268s] INFO:colcon.colcon_core.shell:Creating package script '/home/lab/ros2_ws/install/my_ros2_package/share/my_ros2_package/package.ps1'
[7.269s] INFO:colcon.colcon_core.shell:Creating package descriptor '/home/lab/ros2_ws/install/my_ros2_package/share/my_ros2_package/package.dsv'
[7.269s] INFO:colcon.colcon_core.shell:Creating package script '/home/lab/ros2_ws/install/my_ros2_package/share/my_ros2_package/package.sh'
[7.270s] INFO:colcon.colcon_core.shell:Creating package script '/home/lab/ros2_ws/install/my_ros2_package/share/my_ros2_package/package.bash'
[7.270s] INFO:colcon.colcon_core.shell:Creating package script '/home/lab/ros2_ws/install/my_ros2_package/share/my_ros2_package/package.zsh'
[7.271s] Level 1:colcon.colcon_core.environment:create_file_with_runtime_dependencies(/home/lab/ros2_ws/install/my_ros2_package/share/colcon-core/packages/my_ros2_package)
[7.347s] Level 1:colcon.colcon_core.environment:create_environment_scripts_only(my_ros2_package)
[7.383s] Level 1:colcon.colcon_core.environment:checking '/home/lab/ros2_ws/install/my_ros2_package' for CMake module files
[7.383s] Level 1:colcon.colcon_core.environment:checking '/home/lab/ros2_ws/install/my_ros2_package' for CMake config files
[7.383s] Level 1:colcon.colcon_core.shell:create_environment_hook('my_ros2_package', 'cmake_prefix_path')
[7.419s] INFO:colcon.colcon_core.shell:Creating environment hook '/home/lab/ros2_ws/install/my_ros2_package/share/my_ros2_package/hook/cmake_prefix_path.ps1'
[7.419s] INFO:colcon.colcon_core.shell:Creating environment descriptor '/home/lab/ros2_ws/install/my_ros2_package/share/my_ros2_package/hook/cmake_prefix_path.dsv'
[7.420s] INFO:colcon.colcon_core.shell:Creating environment hook '/home/lab/ros2_ws/install/my_ros2_package/share/my_ros2_package/hook/cmake_prefix_path.sh'
[7.420s] Level 1:colcon.colcon_core.environment:checking '/home/lab/ros2_ws/install/my_ros2_package/lib'
[7.420s] Level 1:colcon.colcon_core.shell:create_environment_hook('my_ros2_package', 'ld_library_path_lib')
[7.455s] INFO:colcon.colcon_core.shell:Creating environment hook '/home/lab/ros2_ws/install/my_ros2_package/share/my_ros2_package/hook/ld_library_path_lib.ps1'
[7.456s] INFO:colcon.colcon_core.shell:Creating environment descriptor '/home/lab/ros2_ws/install/my_ros2_package/share/my_ros2_package/hook/ld_library_path_lib.dsv'
[7.456s] INFO:colcon.colcon_core.shell:Creating environment hook '/home/lab/ros2_ws/install/my_ros2_package/share/my_ros2_package/hook/ld_library_path_lib.sh'
[7.456s] Level 1:colcon.colcon_core.environment:checking '/home/lab/ros2_ws/install/my_ros2_package/bin'
[7.456s] Level 1:colcon.colcon_core.environment:checking '/home/lab/ros2_ws/install/my_ros2_package/lib/pkgconfig/my_ros2_package.pc'
[7.457s] Level 1:colcon.colcon_core.environment:checking '/home/lab/ros2_ws/install/my_ros2_package/lib/python3.8/site-packages'
[7.457s] Level 1:colcon.colcon_core.shell:create_environment_hook('my_ros2_package', 'pythonpath')
[7.492s] INFO:colcon.colcon_core.shell:Creating environment hook '/home/lab/ros2_ws/install/my_ros2_package/share/my_ros2_package/hook/pythonpath.ps1'
[7.492s] INFO:colcon.colcon_core.shell:Creating environment descriptor '/home/lab/ros2_ws/install/my_ros2_package/share/my_ros2_package/hook/pythonpath.dsv'
[7.492s] INFO:colcon.colcon_core.shell:Creating environment hook '/home/lab/ros2_ws/install/my_ros2_package/share/my_ros2_package/hook/pythonpath.sh'
[7.493s] Level 1:colcon.colcon_core.environment:checking '/home/lab/ros2_ws/install/my_ros2_package/bin'
[7.528s] INFO:colcon.colcon_core.shell:Creating package script '/home/lab/ros2_ws/install/my_ros2_package/share/my_ros2_package/package.ps1'
[7.528s] INFO:colcon.colcon_core.shell:Creating package descriptor '/home/lab/ros2_ws/install/my_ros2_package/share/my_ros2_package/package.dsv'
[7.529s] INFO:colcon.colcon_core.shell:Creating package script '/home/lab/ros2_ws/install/my_ros2_package/share/my_ros2_package/package.sh'
[7.529s] INFO:colcon.colcon_core.shell:Creating package script '/home/lab/ros2_ws/install/my_ros2_package/share/my_ros2_package/package.bash'
[7.529s] INFO:colcon.colcon_core.shell:Creating package script '/home/lab/ros2_ws/install/my_ros2_package/share/my_ros2_package/package.zsh'
[7.529s] Level 1:colcon.colcon_core.environment:create_file_with_runtime_dependencies(/home/lab/ros2_ws/install/my_ros2_package/share/colcon-core/packages/my_ros2_package)
[7.530s] DEBUG:colcon.colcon_parallel_executor.executor.parallel:closing loop
[7.530s] DEBUG:colcon.colcon_parallel_executor.executor.parallel:loop closed
[7.530s] DEBUG:colcon.colcon_parallel_executor.executor.parallel:run_until_complete finished with '0'
[7.530s] DEBUG:colcon.colcon_core.event_reactor:joining thread
[7.570s] INFO:colcon.colcon_core.plugin_system:Skipping extension 'colcon_notification.desktop_notification.terminal_notifier': Not used on non-Darwin systems
[7.570s] INFO:colcon.colcon_core.plugin_system:Skipping extension 'colcon_notification.desktop_notification.win32': Not used on non-Windows systems
[7.570s] INFO:colcon.colcon_notification.desktop_notification:Sending desktop notification using 'notify2'
[7.583s] DEBUG:colcon.colcon_core.event_reactor:joined thread
[7.619s] INFO:colcon.colcon_core.shell:Creating prefix script '/home/lab/ros2_ws/install/local_setup.ps1'
[7.620s] INFO:colcon.colcon_core.shell:Creating prefix util module '/home/lab/ros2_ws/install/_local_setup_util_ps1.py'
[7.621s] INFO:colcon.colcon_core.shell:Creating prefix chain script '/home/lab/ros2_ws/install/setup.ps1'
[7.657s] INFO:colcon.colcon_core.shell:Creating prefix script '/home/lab/ros2_ws/install/local_setup.sh'
[7.658s] INFO:colcon.colcon_core.shell:Creating prefix util module '/home/lab/ros2_ws/install/_local_setup_util_sh.py'
[7.658s] INFO:colcon.colcon_core.shell:Creating prefix chain script '/home/lab/ros2_ws/install/setup.sh'
[7.694s] INFO:colcon.colcon_core.shell:Creating prefix script '/home/lab/ros2_ws/install/local_setup.bash'
[7.694s] INFO:colcon.colcon_core.shell:Creating prefix chain script '/home/lab/ros2_ws/install/setup.bash'
[7.730s] INFO:colcon.colcon_core.shell:Creating prefix script '/home/lab/ros2_ws/install/local_setup.zsh'
[7.731s] INFO:colcon.colcon_core.shell:Creating prefix chain script '/home/lab/ros2_ws/install/setup.zsh'
