[  3%] Built target my_ros2_package__cpp
[ 12%] Built target my_ros2_package__rosidl_generator_c
[ 51%] Built target my_ros2_package__rosidl_typesupport_introspection_c
[ 51%] Built target my_ros2_package__rosidl_typesupport_c
[ 51%] Built target my_ros2_package__rosidl_typesupport_introspection_cpp
[ 51%] Built target my_ros2_package__rosidl_typesupport_cpp
[ 61%] Built target my_ros2_package__rosidl_typesupport_fastrtps_cpp
[ 70%] Built target my_ros2_package__rosidl_typesupport_fastrtps_c
[ 70%] Built target my_ros2_package
[ 74%] Built target my_ros2_package__py
[ 80%] Built target my_ros2_package__python
[100%] Built target my_ros2_package__rosidl_typesupport_c__pyext
[100%] Built target my_ros2_package__rosidl_typesupport_introspection_c__pyext
[100%] Built target my_ros2_package__rosidl_typesupport_fastrtps_c__pyext
-- Install configuration: ""
-- Up-to-date: /home/lab/ros2_ws/install/my_ros2_package/share/ament_index/resource_index/rosidl_interfaces/my_ros2_package
-- Up-to-date: /home/lab/ros2_ws/install/my_ros2_package/include/my_ros2_package
-- Up-to-date: /home/lab/ros2_ws/install/my_ros2_package/include/my_ros2_package/msg
-- Up-to-date: /home/lab/ros2_ws/install/my_ros2_package/include/my_ros2_package/msg/rosidl_generator_c__visibility_control.h
-- Up-to-date: /home/lab/ros2_ws/install/my_ros2_package/include/my_ros2_package/action
-- Up-to-date: /home/lab/ros2_ws/install/my_ros2_package/include/my_ros2_package/action/countdown.h
-- Up-to-date: /home/lab/ros2_ws/install/my_ros2_package/include/my_ros2_package/action/detail
-- Up-to-date: /home/lab/ros2_ws/install/my_ros2_package/include/my_ros2_package/action/detail/countdown__struct.h
-- Up-to-date: /home/lab/ros2_ws/install/my_ros2_package/include/my_ros2_package/action/detail/countdown__type_support.h
-- Up-to-date: /home/lab/ros2_ws/install/my_ros2_package/include/my_ros2_package/action/detail/countdown__functions.c
-- Up-to-date: /home/lab/ros2_ws/install/my_ros2_package/include/my_ros2_package/action/detail/countdown__functions.h
-- Up-to-date: /home/lab/ros2_ws/install/my_ros2_package/share/my_ros2_package/environment/library_path.sh
-- Up-to-date: /home/lab/ros2_ws/install/my_ros2_package/share/my_ros2_package/environment/library_path.dsv
-- Up-to-date: /home/lab/ros2_ws/install/my_ros2_package/lib/libmy_ros2_package__rosidl_generator_c.so
-- Up-to-date: /home/lab/ros2_ws/install/my_ros2_package/include/my_ros2_package
-- Up-to-date: /home/lab/ros2_ws/install/my_ros2_package/include/my_ros2_package/msg
-- Up-to-date: /home/lab/ros2_ws/install/my_ros2_package/include/my_ros2_package/msg/rosidl_typesupport_fastrtps_c__visibility_control.h
-- Up-to-date: /home/lab/ros2_ws/install/my_ros2_package/include/my_ros2_package/action
-- Up-to-date: /home/lab/ros2_ws/install/my_ros2_package/include/my_ros2_package/action/detail
-- Up-to-date: /home/lab/ros2_ws/install/my_ros2_package/include/my_ros2_package/action/detail/countdown__rosidl_typesupport_fastrtps_c.h
-- Up-to-date: /home/lab/ros2_ws/install/my_ros2_package/lib/libmy_ros2_package__rosidl_typesupport_fastrtps_c.so
-- Up-to-date: /home/lab/ros2_ws/install/my_ros2_package/include/my_ros2_package
-- Up-to-date: /home/lab/ros2_ws/install/my_ros2_package/include/my_ros2_package/msg
-- Up-to-date: /home/lab/ros2_ws/install/my_ros2_package/include/my_ros2_package/msg/rosidl_typesupport_fastrtps_cpp__visibility_control.h
-- Up-to-date: /home/lab/ros2_ws/install/my_ros2_package/include/my_ros2_package/action
-- Up-to-date: /home/lab/ros2_ws/install/my_ros2_package/include/my_ros2_package/action/detail
-- Up-to-date: /home/lab/ros2_ws/install/my_ros2_package/include/my_ros2_package/action/detail/dds_fastrtps
-- Up-to-date: /home/lab/ros2_ws/install/my_ros2_package/include/my_ros2_package/action/detail/countdown__rosidl_typesupport_fastrtps_cpp.hpp
-- Up-to-date: /home/lab/ros2_ws/install/my_ros2_package/lib/libmy_ros2_package__rosidl_typesupport_fastrtps_cpp.so
-- Up-to-date: /home/lab/ros2_ws/install/my_ros2_package/include/my_ros2_package
-- Up-to-date: /home/lab/ros2_ws/install/my_ros2_package/include/my_ros2_package/msg
-- Up-to-date: /home/lab/ros2_ws/install/my_ros2_package/include/my_ros2_package/msg/rosidl_typesupport_introspection_c__visibility_control.h
-- Up-to-date: /home/lab/ros2_ws/install/my_ros2_package/include/my_ros2_package/action
-- Up-to-date: /home/lab/ros2_ws/install/my_ros2_package/include/my_ros2_package/action/detail
-- Up-to-date: /home/lab/ros2_ws/install/my_ros2_package/include/my_ros2_package/action/detail/countdown__type_support.c
-- Up-to-date: /home/lab/ros2_ws/install/my_ros2_package/include/my_ros2_package/action/detail/countdown__rosidl_typesupport_introspection_c.h
-- Up-to-date: /home/lab/ros2_ws/install/my_ros2_package/lib/libmy_ros2_package__rosidl_typesupport_introspection_c.so
-- Up-to-date: /home/lab/ros2_ws/install/my_ros2_package/lib/libmy_ros2_package__rosidl_typesupport_c.so
-- Up-to-date: /home/lab/ros2_ws/install/my_ros2_package/include/my_ros2_package
-- Up-to-date: /home/lab/ros2_ws/install/my_ros2_package/include/my_ros2_package/msg
-- Up-to-date: /home/lab/ros2_ws/install/my_ros2_package/include/my_ros2_package/msg/rosidl_generator_cpp__visibility_control.hpp
-- Up-to-date: /home/lab/ros2_ws/install/my_ros2_package/include/my_ros2_package/action
-- Up-to-date: /home/lab/ros2_ws/install/my_ros2_package/include/my_ros2_package/action/countdown.hpp
-- Up-to-date: /home/lab/ros2_ws/install/my_ros2_package/include/my_ros2_package/action/detail
-- Up-to-date: /home/lab/ros2_ws/install/my_ros2_package/include/my_ros2_package/action/detail/countdown__type_support.hpp
-- Up-to-date: /home/lab/ros2_ws/install/my_ros2_package/include/my_ros2_package/action/detail/countdown__struct.hpp
-- Up-to-date: /home/lab/ros2_ws/install/my_ros2_package/include/my_ros2_package/action/detail/countdown__traits.hpp
-- Up-to-date: /home/lab/ros2_ws/install/my_ros2_package/include/my_ros2_package/action/detail/countdown__builder.hpp
-- Up-to-date: /home/lab/ros2_ws/install/my_ros2_package/include/my_ros2_package
-- Up-to-date: /home/lab/ros2_ws/install/my_ros2_package/include/my_ros2_package/action
-- Up-to-date: /home/lab/ros2_ws/install/my_ros2_package/include/my_ros2_package/action/detail
-- Up-to-date: /home/lab/ros2_ws/install/my_ros2_package/include/my_ros2_package/action/detail/countdown__type_support.cpp
-- Up-to-date: /home/lab/ros2_ws/install/my_ros2_package/include/my_ros2_package/action/detail/countdown__rosidl_typesupport_introspection_cpp.hpp
-- Up-to-date: /home/lab/ros2_ws/install/my_ros2_package/lib/libmy_ros2_package__rosidl_typesupport_introspection_cpp.so
-- Up-to-date: /home/lab/ros2_ws/install/my_ros2_package/lib/libmy_ros2_package__rosidl_typesupport_cpp.so
-- Up-to-date: /home/lab/ros2_ws/install/my_ros2_package/share/my_ros2_package/environment/pythonpath.sh
-- Up-to-date: /home/lab/ros2_ws/install/my_ros2_package/share/my_ros2_package/environment/pythonpath.dsv
-- Up-to-date: /home/lab/ros2_ws/install/my_ros2_package/lib/python3.8/site-packages/my_ros2_package/__init__.py
-- Up-to-date: /home/lab/ros2_ws/install/my_ros2_package/lib/python3.8/site-packages/my_ros2_package/action
-- Up-to-date: /home/lab/ros2_ws/install/my_ros2_package/lib/python3.8/site-packages/my_ros2_package/action/__init__.py
-- Up-to-date: /home/lab/ros2_ws/install/my_ros2_package/lib/python3.8/site-packages/my_ros2_package/action/_countdown_s.c
-- Up-to-date: /home/lab/ros2_ws/install/my_ros2_package/lib/python3.8/site-packages/my_ros2_package/action/_countdown.py
-- Up-to-date: /home/lab/ros2_ws/install/my_ros2_package/lib/python3.8/site-packages/my_ros2_package/my_ros2_package_s__rosidl_typesupport_fastrtps_c.cpython-38-x86_64-linux-gnu.so
-- Up-to-date: /home/lab/ros2_ws/install/my_ros2_package/lib/python3.8/site-packages/my_ros2_package/my_ros2_package_s__rosidl_typesupport_introspection_c.cpython-38-x86_64-linux-gnu.so
-- Up-to-date: /home/lab/ros2_ws/install/my_ros2_package/lib/python3.8/site-packages/my_ros2_package/my_ros2_package_s__rosidl_typesupport_c.cpython-38-x86_64-linux-gnu.so
-- Up-to-date: /home/lab/ros2_ws/install/my_ros2_package/lib/libmy_ros2_package__python.so
-- Up-to-date: /home/lab/ros2_ws/install/my_ros2_package/share/my_ros2_package/action/Countdown.idl
-- Up-to-date: /home/lab/ros2_ws/install/my_ros2_package/share/my_ros2_package/action/Countdown.action
-- Up-to-date: /home/lab/ros2_ws/install/my_ros2_package/share/ament_index/resource_index/package_run_dependencies/my_ros2_package
-- Up-to-date: /home/lab/ros2_ws/install/my_ros2_package/share/ament_index/resource_index/parent_prefix_path/my_ros2_package
-- Up-to-date: /home/lab/ros2_ws/install/my_ros2_package/share/my_ros2_package/environment/ament_prefix_path.sh
-- Up-to-date: /home/lab/ros2_ws/install/my_ros2_package/share/my_ros2_package/environment/ament_prefix_path.dsv
-- Up-to-date: /home/lab/ros2_ws/install/my_ros2_package/share/my_ros2_package/environment/path.sh
-- Up-to-date: /home/lab/ros2_ws/install/my_ros2_package/share/my_ros2_package/environment/path.dsv
-- Up-to-date: /home/lab/ros2_ws/install/my_ros2_package/share/my_ros2_package/local_setup.bash
-- Up-to-date: /home/lab/ros2_ws/install/my_ros2_package/share/my_ros2_package/local_setup.sh
-- Up-to-date: /home/lab/ros2_ws/install/my_ros2_package/share/my_ros2_package/local_setup.zsh
-- Up-to-date: /home/lab/ros2_ws/install/my_ros2_package/share/my_ros2_package/local_setup.dsv
-- Installing: /home/lab/ros2_ws/install/my_ros2_package/share/my_ros2_package/package.dsv
-- Up-to-date: /home/lab/ros2_ws/install/my_ros2_package/share/ament_index/resource_index/packages/my_ros2_package
-- Up-to-date: /home/lab/ros2_ws/install/my_ros2_package/share/my_ros2_package/cmake/my_ros2_package__rosidl_generator_cExport.cmake
-- Up-to-date: /home/lab/ros2_ws/install/my_ros2_package/share/my_ros2_package/cmake/my_ros2_package__rosidl_generator_cExport-noconfig.cmake
-- Up-to-date: /home/lab/ros2_ws/install/my_ros2_package/share/my_ros2_package/cmake/my_ros2_package__rosidl_typesupport_introspection_cExport.cmake
-- Up-to-date: /home/lab/ros2_ws/install/my_ros2_package/share/my_ros2_package/cmake/my_ros2_package__rosidl_typesupport_introspection_cExport-noconfig.cmake
-- Up-to-date: /home/lab/ros2_ws/install/my_ros2_package/share/my_ros2_package/cmake/my_ros2_package__rosidl_typesupport_cExport.cmake
-- Up-to-date: /home/lab/ros2_ws/install/my_ros2_package/share/my_ros2_package/cmake/my_ros2_package__rosidl_typesupport_cExport-noconfig.cmake
-- Up-to-date: /home/lab/ros2_ws/install/my_ros2_package/share/my_ros2_package/cmake/my_ros2_package__rosidl_generator_cppExport.cmake
-- Up-to-date: /home/lab/ros2_ws/install/my_ros2_package/share/my_ros2_package/cmake/my_ros2_package__rosidl_typesupport_introspection_cppExport.cmake
-- Up-to-date: /home/lab/ros2_ws/install/my_ros2_package/share/my_ros2_package/cmake/my_ros2_package__rosidl_typesupport_introspection_cppExport-noconfig.cmake
-- Up-to-date: /home/lab/ros2_ws/install/my_ros2_package/share/my_ros2_package/cmake/my_ros2_package__rosidl_typesupport_cppExport.cmake
-- Up-to-date: /home/lab/ros2_ws/install/my_ros2_package/share/my_ros2_package/cmake/my_ros2_package__rosidl_typesupport_cppExport-noconfig.cmake
-- Up-to-date: /home/lab/ros2_ws/install/my_ros2_package/share/my_ros2_package/cmake/rosidl_cmake-extras.cmake
-- Up-to-date: /home/lab/ros2_ws/install/my_ros2_package/share/my_ros2_package/cmake/ament_cmake_export_dependencies-extras.cmake
-- Up-to-date: /home/lab/ros2_ws/install/my_ros2_package/share/my_ros2_package/cmake/ament_cmake_export_libraries-extras.cmake
-- Up-to-date: /home/lab/ros2_ws/install/my_ros2_package/share/my_ros2_package/cmake/ament_cmake_export_targets-extras.cmake
-- Up-to-date: /home/lab/ros2_ws/install/my_ros2_package/share/my_ros2_package/cmake/ament_cmake_export_include_directories-extras.cmake
-- Up-to-date: /home/lab/ros2_ws/install/my_ros2_package/share/my_ros2_package/cmake/rosidl_cmake_export_typesupport_libraries-extras.cmake
-- Up-to-date: /home/lab/ros2_ws/install/my_ros2_package/share/my_ros2_package/cmake/rosidl_cmake_export_typesupport_targets-extras.cmake
-- Up-to-date: /home/lab/ros2_ws/install/my_ros2_package/share/my_ros2_package/cmake/my_ros2_packageConfig.cmake
-- Up-to-date: /home/lab/ros2_ws/install/my_ros2_package/share/my_ros2_package/cmake/my_ros2_packageConfig-version.cmake
-- Up-to-date: /home/lab/ros2_ws/install/my_ros2_package/share/my_ros2_package/package.xml
