[0.122s] Invoking command in '/home/lab/ros2_ws/build/my_ros2_package': CMAKE_PREFIX_PATH=/opt/ros/foxy /usr/bin/cmake --build /home/lab/ros2_ws/build/my_ros2_package -- -j12 -l12
[0.166s] [  3%] Built target my_ros2_package__cpp
[0.166s] [ 12%] Built target my_ros2_package__rosidl_generator_c
[0.185s] [ 51%] Built target my_ros2_package__rosidl_typesupport_introspection_c
[0.186s] [ 51%] Built target my_ros2_package__rosidl_typesupport_c
[0.186s] [ 51%] Built target my_ros2_package__rosidl_typesupport_introspection_cpp
[0.186s] [ 51%] Built target my_ros2_package__rosidl_typesupport_cpp
[0.189s] [ 61%] Built target my_ros2_package__rosidl_typesupport_fastrtps_cpp
[0.210s] [ 70%] Built target my_ros2_package__rosidl_typesupport_fastrtps_c
[0.226s] [ 70%] Built target my_ros2_package
[0.243s] [ 74%] Built target my_ros2_package__py
[0.264s] [ 80%] Built target my_ros2_package__python
[0.287s] [100%] Built target my_ros2_package__rosidl_typesupport_c__pyext
[0.287s] [100%] Built target my_ros2_package__rosidl_typesupport_introspection_c__pyext
[0.287s] [100%] Built target my_ros2_package__rosidl_typesupport_fastrtps_c__pyext
[0.298s] Invoked command in '/home/lab/ros2_ws/build/my_ros2_package' returned '0': CMAKE_PREFIX_PATH=/opt/ros/foxy /usr/bin/cmake --build /home/lab/ros2_ws/build/my_ros2_package -- -j12 -l12
[0.347s] Invoking command in '/home/lab/ros2_ws/build/my_ros2_package': CMAKE_PREFIX_PATH=/opt/ros/foxy /usr/bin/cmake --install /home/lab/ros2_ws/build/my_ros2_package
[0.354s] -- Install configuration: ""
[0.354s] -- Up-to-date: /home/lab/ros2_ws/install/my_ros2_package/share/ament_index/resource_index/rosidl_interfaces/my_ros2_package
[0.354s] -- Up-to-date: /home/lab/ros2_ws/install/my_ros2_package/include/my_ros2_package
[0.354s] -- Up-to-date: /home/lab/ros2_ws/install/my_ros2_package/include/my_ros2_package/msg
[0.354s] -- Up-to-date: /home/lab/ros2_ws/install/my_ros2_package/include/my_ros2_package/msg/rosidl_generator_c__visibility_control.h
[0.354s] -- Up-to-date: /home/lab/ros2_ws/install/my_ros2_package/include/my_ros2_package/action
[0.354s] -- Up-to-date: /home/lab/ros2_ws/install/my_ros2_package/include/my_ros2_package/action/countdown.h
[0.355s] -- Up-to-date: /home/lab/ros2_ws/install/my_ros2_package/include/my_ros2_package/action/detail
[0.355s] -- Up-to-date: /home/lab/ros2_ws/install/my_ros2_package/include/my_ros2_package/action/detail/countdown__struct.h
[0.355s] -- Up-to-date: /home/lab/ros2_ws/install/my_ros2_package/include/my_ros2_package/action/detail/countdown__type_support.h
[0.355s] -- Up-to-date: /home/lab/ros2_ws/install/my_ros2_package/include/my_ros2_package/action/detail/countdown__functions.c
[0.355s] -- Up-to-date: /home/lab/ros2_ws/install/my_ros2_package/include/my_ros2_package/action/detail/countdown__functions.h
[0.355s] -- Up-to-date: /home/lab/ros2_ws/install/my_ros2_package/share/my_ros2_package/environment/library_path.sh
[0.355s] -- Up-to-date: /home/lab/ros2_ws/install/my_ros2_package/share/my_ros2_package/environment/library_path.dsv
[0.355s] -- Up-to-date: /home/lab/ros2_ws/install/my_ros2_package/lib/libmy_ros2_package__rosidl_generator_c.so
[0.355s] -- Up-to-date: /home/lab/ros2_ws/install/my_ros2_package/include/my_ros2_package
[0.355s] -- Up-to-date: /home/lab/ros2_ws/install/my_ros2_package/include/my_ros2_package/msg
[0.355s] -- Up-to-date: /home/lab/ros2_ws/install/my_ros2_package/include/my_ros2_package/msg/rosidl_typesupport_fastrtps_c__visibility_control.h
[0.355s] -- Up-to-date: /home/lab/ros2_ws/install/my_ros2_package/include/my_ros2_package/action
[0.355s] -- Up-to-date: /home/lab/ros2_ws/install/my_ros2_package/include/my_ros2_package/action/detail
[0.356s] -- Up-to-date: /home/lab/ros2_ws/install/my_ros2_package/include/my_ros2_package/action/detail/countdown__rosidl_typesupport_fastrtps_c.h
[0.356s] -- Up-to-date: /home/lab/ros2_ws/install/my_ros2_package/lib/libmy_ros2_package__rosidl_typesupport_fastrtps_c.so
[0.356s] -- Up-to-date: /home/lab/ros2_ws/install/my_ros2_package/include/my_ros2_package
[0.356s] -- Up-to-date: /home/lab/ros2_ws/install/my_ros2_package/include/my_ros2_package/msg
[0.356s] -- Up-to-date: /home/lab/ros2_ws/install/my_ros2_package/include/my_ros2_package/msg/rosidl_typesupport_fastrtps_cpp__visibility_control.h
[0.356s] -- Up-to-date: /home/lab/ros2_ws/install/my_ros2_package/include/my_ros2_package/action
[0.356s] -- Up-to-date: /home/lab/ros2_ws/install/my_ros2_package/include/my_ros2_package/action/detail
[0.356s] -- Up-to-date: /home/lab/ros2_ws/install/my_ros2_package/include/my_ros2_package/action/detail/dds_fastrtps
[0.356s] -- Up-to-date: /home/lab/ros2_ws/install/my_ros2_package/include/my_ros2_package/action/detail/countdown__rosidl_typesupport_fastrtps_cpp.hpp
[0.356s] -- Up-to-date: /home/lab/ros2_ws/install/my_ros2_package/lib/libmy_ros2_package__rosidl_typesupport_fastrtps_cpp.so
[0.356s] -- Up-to-date: /home/lab/ros2_ws/install/my_ros2_package/include/my_ros2_package
[0.356s] -- Up-to-date: /home/lab/ros2_ws/install/my_ros2_package/include/my_ros2_package/msg
[0.356s] -- Up-to-date: /home/lab/ros2_ws/install/my_ros2_package/include/my_ros2_package/msg/rosidl_typesupport_introspection_c__visibility_control.h
[0.356s] -- Up-to-date: /home/lab/ros2_ws/install/my_ros2_package/include/my_ros2_package/action
[0.356s] -- Up-to-date: /home/lab/ros2_ws/install/my_ros2_package/include/my_ros2_package/action/detail
[0.357s] -- Up-to-date: /home/lab/ros2_ws/install/my_ros2_package/include/my_ros2_package/action/detail/countdown__type_support.c
[0.357s] -- Up-to-date: /home/lab/ros2_ws/install/my_ros2_package/include/my_ros2_package/action/detail/countdown__rosidl_typesupport_introspection_c.h
[0.357s] -- Up-to-date: /home/lab/ros2_ws/install/my_ros2_package/lib/libmy_ros2_package__rosidl_typesupport_introspection_c.so
[0.357s] -- Up-to-date: /home/lab/ros2_ws/install/my_ros2_package/lib/libmy_ros2_package__rosidl_typesupport_c.so
[0.357s] -- Up-to-date: /home/lab/ros2_ws/install/my_ros2_package/include/my_ros2_package
[0.357s] -- Up-to-date: /home/lab/ros2_ws/install/my_ros2_package/include/my_ros2_package/msg
[0.357s] -- Up-to-date: /home/lab/ros2_ws/install/my_ros2_package/include/my_ros2_package/msg/rosidl_generator_cpp__visibility_control.hpp
[0.357s] -- Up-to-date: /home/lab/ros2_ws/install/my_ros2_package/include/my_ros2_package/action
[0.357s] -- Up-to-date: /home/lab/ros2_ws/install/my_ros2_package/include/my_ros2_package/action/countdown.hpp
[0.357s] -- Up-to-date: /home/lab/ros2_ws/install/my_ros2_package/include/my_ros2_package/action/detail
[0.357s] -- Up-to-date: /home/lab/ros2_ws/install/my_ros2_package/include/my_ros2_package/action/detail/countdown__type_support.hpp
[0.357s] -- Up-to-date: /home/lab/ros2_ws/install/my_ros2_package/include/my_ros2_package/action/detail/countdown__struct.hpp
[0.357s] -- Up-to-date: /home/lab/ros2_ws/install/my_ros2_package/include/my_ros2_package/action/detail/countdown__traits.hpp
[0.357s] -- Up-to-date: /home/lab/ros2_ws/install/my_ros2_package/include/my_ros2_package/action/detail/countdown__builder.hpp
[0.357s] -- Up-to-date: /home/lab/ros2_ws/install/my_ros2_package/include/my_ros2_package
[0.357s] -- Up-to-date: /home/lab/ros2_ws/install/my_ros2_package/include/my_ros2_package/action
[0.358s] -- Up-to-date: /home/lab/ros2_ws/install/my_ros2_package/include/my_ros2_package/action/detail
[0.358s] -- Up-to-date: /home/lab/ros2_ws/install/my_ros2_package/include/my_ros2_package/action/detail/countdown__type_support.cpp
[0.358s] -- Up-to-date: /home/lab/ros2_ws/install/my_ros2_package/include/my_ros2_package/action/detail/countdown__rosidl_typesupport_introspection_cpp.hpp
[0.358s] -- Up-to-date: /home/lab/ros2_ws/install/my_ros2_package/lib/libmy_ros2_package__rosidl_typesupport_introspection_cpp.so
[0.358s] -- Up-to-date: /home/lab/ros2_ws/install/my_ros2_package/lib/libmy_ros2_package__rosidl_typesupport_cpp.so
[0.358s] -- Up-to-date: /home/lab/ros2_ws/install/my_ros2_package/share/my_ros2_package/environment/pythonpath.sh
[0.358s] -- Up-to-date: /home/lab/ros2_ws/install/my_ros2_package/share/my_ros2_package/environment/pythonpath.dsv
[0.358s] -- Up-to-date: /home/lab/ros2_ws/install/my_ros2_package/lib/python3.8/site-packages/my_ros2_package/__init__.py
[0.384s] -- Up-to-date: /home/lab/ros2_ws/install/my_ros2_package/lib/python3.8/site-packages/my_ros2_package/action
[0.385s] -- Up-to-date: /home/lab/ros2_ws/install/my_ros2_package/lib/python3.8/site-packages/my_ros2_package/action/__init__.py
[0.385s] -- Up-to-date: /home/lab/ros2_ws/install/my_ros2_package/lib/python3.8/site-packages/my_ros2_package/action/_countdown_s.c
[0.385s] -- Up-to-date: /home/lab/ros2_ws/install/my_ros2_package/lib/python3.8/site-packages/my_ros2_package/action/_countdown.py
[0.385s] -- Up-to-date: /home/lab/ros2_ws/install/my_ros2_package/lib/python3.8/site-packages/my_ros2_package/my_ros2_package_s__rosidl_typesupport_fastrtps_c.cpython-38-x86_64-linux-gnu.so
[0.385s] -- Up-to-date: /home/lab/ros2_ws/install/my_ros2_package/lib/python3.8/site-packages/my_ros2_package/my_ros2_package_s__rosidl_typesupport_introspection_c.cpython-38-x86_64-linux-gnu.so
[0.386s] -- Up-to-date: /home/lab/ros2_ws/install/my_ros2_package/lib/python3.8/site-packages/my_ros2_package/my_ros2_package_s__rosidl_typesupport_c.cpython-38-x86_64-linux-gnu.so
[0.386s] -- Up-to-date: /home/lab/ros2_ws/install/my_ros2_package/lib/libmy_ros2_package__python.so
[0.387s] -- Up-to-date: /home/lab/ros2_ws/install/my_ros2_package/share/my_ros2_package/action/Countdown.idl
[0.387s] -- Up-to-date: /home/lab/ros2_ws/install/my_ros2_package/share/my_ros2_package/action/Countdown.action
[0.387s] -- Up-to-date: /home/lab/ros2_ws/install/my_ros2_package/share/ament_index/resource_index/package_run_dependencies/my_ros2_package
[0.387s] -- Up-to-date: /home/lab/ros2_ws/install/my_ros2_package/share/ament_index/resource_index/parent_prefix_path/my_ros2_package
[0.387s] -- Up-to-date: /home/lab/ros2_ws/install/my_ros2_package/share/my_ros2_package/environment/ament_prefix_path.sh
[0.387s] -- Up-to-date: /home/lab/ros2_ws/install/my_ros2_package/share/my_ros2_package/environment/ament_prefix_path.dsv
[0.387s] -- Up-to-date: /home/lab/ros2_ws/install/my_ros2_package/share/my_ros2_package/environment/path.sh
[0.387s] -- Up-to-date: /home/lab/ros2_ws/install/my_ros2_package/share/my_ros2_package/environment/path.dsv
[0.387s] -- Up-to-date: /home/lab/ros2_ws/install/my_ros2_package/share/my_ros2_package/local_setup.bash
[0.388s] -- Up-to-date: /home/lab/ros2_ws/install/my_ros2_package/share/my_ros2_package/local_setup.sh
[0.388s] -- Up-to-date: /home/lab/ros2_ws/install/my_ros2_package/share/my_ros2_package/local_setup.zsh
[0.388s] -- Up-to-date: /home/lab/ros2_ws/install/my_ros2_package/share/my_ros2_package/local_setup.dsv
[0.388s] -- Installing: /home/lab/ros2_ws/install/my_ros2_package/share/my_ros2_package/package.dsv
[0.388s] -- Up-to-date: /home/lab/ros2_ws/install/my_ros2_package/share/ament_index/resource_index/packages/my_ros2_package
[0.388s] -- Up-to-date: /home/lab/ros2_ws/install/my_ros2_package/share/my_ros2_package/cmake/my_ros2_package__rosidl_generator_cExport.cmake
[0.388s] -- Up-to-date: /home/lab/ros2_ws/install/my_ros2_package/share/my_ros2_package/cmake/my_ros2_package__rosidl_generator_cExport-noconfig.cmake
[0.388s] -- Up-to-date: /home/lab/ros2_ws/install/my_ros2_package/share/my_ros2_package/cmake/my_ros2_package__rosidl_typesupport_introspection_cExport.cmake
[0.388s] -- Up-to-date: /home/lab/ros2_ws/install/my_ros2_package/share/my_ros2_package/cmake/my_ros2_package__rosidl_typesupport_introspection_cExport-noconfig.cmake
[0.388s] -- Up-to-date: /home/lab/ros2_ws/install/my_ros2_package/share/my_ros2_package/cmake/my_ros2_package__rosidl_typesupport_cExport.cmake
[0.388s] -- Up-to-date: /home/lab/ros2_ws/install/my_ros2_package/share/my_ros2_package/cmake/my_ros2_package__rosidl_typesupport_cExport-noconfig.cmake
[0.388s] -- Up-to-date: /home/lab/ros2_ws/install/my_ros2_package/share/my_ros2_package/cmake/my_ros2_package__rosidl_generator_cppExport.cmake
[0.388s] -- Up-to-date: /home/lab/ros2_ws/install/my_ros2_package/share/my_ros2_package/cmake/my_ros2_package__rosidl_typesupport_introspection_cppExport.cmake
[0.388s] -- Up-to-date: /home/lab/ros2_ws/install/my_ros2_package/share/my_ros2_package/cmake/my_ros2_package__rosidl_typesupport_introspection_cppExport-noconfig.cmake
[0.389s] -- Up-to-date: /home/lab/ros2_ws/install/my_ros2_package/share/my_ros2_package/cmake/my_ros2_package__rosidl_typesupport_cppExport.cmake
[0.389s] -- Up-to-date: /home/lab/ros2_ws/install/my_ros2_package/share/my_ros2_package/cmake/my_ros2_package__rosidl_typesupport_cppExport-noconfig.cmake
[0.389s] -- Up-to-date: /home/lab/ros2_ws/install/my_ros2_package/share/my_ros2_package/cmake/rosidl_cmake-extras.cmake
[0.389s] -- Up-to-date: /home/lab/ros2_ws/install/my_ros2_package/share/my_ros2_package/cmake/ament_cmake_export_dependencies-extras.cmake
[0.389s] -- Up-to-date: /home/lab/ros2_ws/install/my_ros2_package/share/my_ros2_package/cmake/ament_cmake_export_libraries-extras.cmake
[0.389s] -- Up-to-date: /home/lab/ros2_ws/install/my_ros2_package/share/my_ros2_package/cmake/ament_cmake_export_targets-extras.cmake
[0.389s] -- Up-to-date: /home/lab/ros2_ws/install/my_ros2_package/share/my_ros2_package/cmake/ament_cmake_export_include_directories-extras.cmake
[0.389s] -- Up-to-date: /home/lab/ros2_ws/install/my_ros2_package/share/my_ros2_package/cmake/rosidl_cmake_export_typesupport_libraries-extras.cmake
[0.389s] -- Up-to-date: /home/lab/ros2_ws/install/my_ros2_package/share/my_ros2_package/cmake/rosidl_cmake_export_typesupport_targets-extras.cmake
[0.389s] -- Up-to-date: /home/lab/ros2_ws/install/my_ros2_package/share/my_ros2_package/cmake/my_ros2_packageConfig.cmake
[0.389s] -- Up-to-date: /home/lab/ros2_ws/install/my_ros2_package/share/my_ros2_package/cmake/my_ros2_packageConfig-version.cmake
[0.389s] -- Up-to-date: /home/lab/ros2_ws/install/my_ros2_package/share/my_ros2_package/package.xml
[0.391s] Invoked command in '/home/lab/ros2_ws/build/my_ros2_package' returned '0': CMAKE_PREFIX_PATH=/opt/ros/foxy /usr/bin/cmake --install /home/lab/ros2_ws/build/my_ros2_package
