[0.152s] Invoking command in '/home/lab/ros2_ws/build/my_ros2_package': CMAKE_PREFIX_PATH=${CMAKE_PREFIX_PATH}:/opt/ros/foxy /usr/bin/cmake /home/lab/ros2_ws/src/my_ros2_package -DCMAKE_INSTALL_PREFIX=/home/lab/ros2_ws/install/my_ros2_package
[0.209s] -- The C compiler identification is GNU 9.4.0
[0.278s] -- The CXX compiler identification is GNU 9.4.0
[0.281s] -- Check for working C compiler: /usr/bin/cc
[0.347s] -- Check for working C compiler: /usr/bin/cc -- works
[0.348s] -- Detecting C compiler ABI info
[0.430s] -- Detecting C compiler ABI info - done
[0.444s] -- Detecting C compile features
[0.445s] -- Detecting C compile features - done
[0.447s] -- Check for working CXX compiler: /usr/bin/c++
[0.541s] -- Check for working CXX compiler: /usr/bin/c++ -- works
[0.542s] -- Detecting CXX compiler ABI info
[0.615s] -- Detecting CXX compiler ABI info - done
[0.627s] -- Detecting CXX compile features
[0.628s] -- Detecting CXX compile features - done
[0.630s] -- Found ament_cmake: 0.9.12 (/opt/ros/foxy/share/ament_cmake/cmake)
[0.649s] -- Found PythonInterp: /usr/bin/python3 (found suitable version "3.8.10", minimum required is "3") 
[0.649s] -- Using PYTHON_EXECUTABLE: /usr/bin/python3
[0.811s] -- Found ament_lint_auto: 0.9.8 (/opt/ros/foxy/share/ament_lint_auto/cmake)
[0.865s] -- Found rosidl_default_generators: 1.0.1 (/opt/ros/foxy/share/rosidl_default_generators/cmake)
[0.867s] -- Using all available rosidl_typesupport_c: rosidl_typesupport_fastrtps_c;rosidl_typesupport_introspection_c
[0.872s] -- Found rosidl_adapter: 1.3.1 (/opt/ros/foxy/share/rosidl_adapter/cmake)
[0.947s] -- Found OpenSSL: /usr/lib/x86_64-linux-gnu/libcrypto.so (found version "1.1.1f")  
[0.971s] -- Found FastRTPS: /opt/ros/foxy/include  
[1.035s] -- Using all available rosidl_typesupport_cpp: rosidl_typesupport_fastrtps_cpp;rosidl_typesupport_introspection_cpp
[1.074s] -- Found PythonInterp: /usr/bin/python3 (found version "3.8.10") 
[1.182s] -- Found ament_cmake_ros: 0.9.2 (/opt/ros/foxy/share/ament_cmake_ros/cmake)
[1.284s] -- Using all available rosidl_typesupport_c: rosidl_typesupport_fastrtps_c;rosidl_typesupport_introspection_c
[1.303s] -- Using all available rosidl_typesupport_cpp: rosidl_typesupport_fastrtps_cpp;rosidl_typesupport_introspection_cpp
[1.323s] -- Found PythonInterp: /usr/bin/python3 (found suitable version "3.8.10", minimum required is "3.5") 
[1.324s] -- Found python_cmake_module: 0.8.1 (/opt/ros/foxy/share/python_cmake_module/cmake)
[1.345s] -- Found PythonLibs: /usr/lib/x86_64-linux-gnu/libpython3.8.so (found suitable version "3.8.10", minimum required is "3.5") 
[1.345s] -- Using PYTHON_EXECUTABLE: /usr/bin/python3
[1.345s] -- Using PYTHON_INCLUDE_DIRS: /usr/include/python3.8
[1.346s] -- Using PYTHON_LIBRARIES: /usr/lib/x86_64-linux-gnu/libpython3.8.so
[1.363s] -- Found PythonExtra: .so  
[1.404s] -- Added test 'copyright' to check source files copyright and LICENSE
[1.406s] -- Added test 'lint_cmake' to check CMake code style
[1.407s] -- Added test 'xmllint' to check XML markup files
[1.413s] -- Configuring done
[1.454s] -- Generating done
[1.456s] -- Build files have been written to: /home/lab/ros2_ws/build/my_ros2_package
[1.463s] Invoked command in '/home/lab/ros2_ws/build/my_ros2_package' returned '0': CMAKE_PREFIX_PATH=${CMAKE_PREFIX_PATH}:/opt/ros/foxy /usr/bin/cmake /home/lab/ros2_ws/src/my_ros2_package -DCMAKE_INSTALL_PREFIX=/home/lab/ros2_ws/install/my_ros2_package
[1.465s] Invoking command in '/home/lab/ros2_ws/build/my_ros2_package': CMAKE_PREFIX_PATH=${CMAKE_PREFIX_PATH}:/opt/ros/foxy /usr/bin/cmake --build /home/lab/ros2_ws/build/my_ros2_package -- -j12 -l12
[1.498s] [  3%] [34m[1mGenerating C code for ROS interfaces[0m
[1.499s] [35m[1mScanning dependencies of target my_ros2_package__cpp[0m
[1.507s] [  6%] [34m[1mGenerating C++ code for ROS interfaces[0m
[1.830s] [  6%] Built target my_ros2_package__cpp
[1.838s] [  9%] [34m[1mGenerating C++ type support dispatch for ROS interfaces[0m
[1.839s] [ 12%] [34m[1mGenerating C++ type support for eProsima Fast-RTPS[0m
[1.841s] [ 16%] [34m[1mGenerating C++ introspection for ROS interfaces[0m
[1.846s] [35m[1mScanning dependencies of target my_ros2_package__rosidl_generator_c[0m
[1.857s] [ 19%] [32mBuilding C object CMakeFiles/my_ros2_package__rosidl_generator_c.dir/rosidl_generator_c/my_ros2_package/action/detail/countdown__functions.c.o[0m
[1.963s] [ 22%] [32m[1mLinking C shared library libmy_ros2_package__rosidl_generator_c.so[0m
[1.996s] [ 22%] Built target my_ros2_package__rosidl_generator_c
[2.005s] [ 29%] [34m[1mGenerating C introspection for ROS interfaces[0m
[2.005s] [ 29%] [34m[1mGenerating C type support dispatch for ROS interfaces[0m
[2.075s] [35m[1mScanning dependencies of target my_ros2_package__rosidl_typesupport_cpp[0m
[2.088s] [ 32%] [32mBuilding CXX object CMakeFiles/my_ros2_package__rosidl_typesupport_cpp.dir/rosidl_typesupport_cpp/my_ros2_package/action/countdown__type_support.cpp.o[0m
[2.112s] [35m[1mScanning dependencies of target my_ros2_package__rosidl_typesupport_introspection_cpp[0m
[2.124s] [ 35%] [32mBuilding CXX object CMakeFiles/my_ros2_package__rosidl_typesupport_introspection_cpp.dir/rosidl_typesupport_introspection_cpp/my_ros2_package/action/detail/countdown__type_support.cpp.o[0m
[2.162s] [35m[1mScanning dependencies of target my_ros2_package__rosidl_typesupport_fastrtps_cpp[0m
[2.178s] [ 38%] [32mBuilding CXX object CMakeFiles/my_ros2_package__rosidl_typesupport_fastrtps_cpp.dir/rosidl_typesupport_fastrtps_cpp/my_ros2_package/action/detail/dds_fastrtps/countdown__type_support.cpp.o[0m
[2.251s] [35m[1mScanning dependencies of target my_ros2_package__rosidl_typesupport_c[0m
[2.263s] [ 41%] [32mBuilding CXX object CMakeFiles/my_ros2_package__rosidl_typesupport_c.dir/rosidl_typesupport_c/my_ros2_package/action/countdown__type_support.cpp.o[0m
[2.305s] [35m[1mScanning dependencies of target my_ros2_package__rosidl_typesupport_introspection_c[0m
[2.307s] [ 45%] [32m[1mLinking CXX shared library libmy_ros2_package__rosidl_typesupport_c.so[0m
[2.317s] [ 48%] [32mBuilding C object CMakeFiles/my_ros2_package__rosidl_typesupport_introspection_c.dir/rosidl_typesupport_introspection_c/my_ros2_package/action/detail/countdown__type_support.c.o[0m
[2.346s] [ 48%] Built target my_ros2_package__rosidl_typesupport_c
[2.358s] [ 51%] [32m[1mLinking C shared library libmy_ros2_package__rosidl_typesupport_introspection_c.so[0m
[2.360s] [ 54%] [32m[1mLinking CXX shared library libmy_ros2_package__rosidl_typesupport_cpp.so[0m
[2.388s] [ 54%] Built target my_ros2_package__rosidl_typesupport_introspection_c
[2.398s] [ 54%] Built target my_ros2_package__rosidl_typesupport_cpp
[2.414s] [ 58%] [32m[1mLinking CXX shared library libmy_ros2_package__rosidl_typesupport_introspection_cpp.so[0m
[2.476s] [ 58%] Built target my_ros2_package__rosidl_typesupport_introspection_cpp
[2.590s] [ 61%] [32m[1mLinking CXX shared library libmy_ros2_package__rosidl_typesupport_fastrtps_cpp.so[0m
[2.660s] [ 61%] Built target my_ros2_package__rosidl_typesupport_fastrtps_cpp
[2.668s] [ 64%] [34m[1mGenerating C type support for eProsima Fast-RTPS[0m
[2.958s] [35m[1mScanning dependencies of target my_ros2_package__rosidl_typesupport_fastrtps_c[0m
[2.974s] [ 67%] [32mBuilding CXX object CMakeFiles/my_ros2_package__rosidl_typesupport_fastrtps_c.dir/rosidl_typesupport_fastrtps_c/my_ros2_package/action/detail/countdown__type_support_c.cpp.o[0m
[3.274s] [ 70%] [32m[1mLinking CXX shared library libmy_ros2_package__rosidl_typesupport_fastrtps_c.so[0m
[3.344s] [ 70%] Built target my_ros2_package__rosidl_typesupport_fastrtps_c
[3.352s] [35m[1mScanning dependencies of target my_ros2_package[0m
[3.360s] [ 70%] Built target my_ros2_package
[3.369s] [35m[1mScanning dependencies of target my_ros2_package__py[0m
[3.377s] [ 74%] [34m[1mGenerating Python code for ROS interfaces[0m
[4.031s] [ 74%] Built target my_ros2_package__py
[4.040s] [35m[1mScanning dependencies of target my_ros2_package__python[0m
[4.055s] [ 77%] [32mBuilding C object CMakeFiles/my_ros2_package__python.dir/rosidl_generator_py/my_ros2_package/action/_countdown_s.c.o[0m
[4.157s] [ 80%] [32m[1mLinking C shared library rosidl_generator_py/my_ros2_package/libmy_ros2_package__python.so[0m
[4.194s] [ 80%] Built target my_ros2_package__python
[4.202s] [35m[1mScanning dependencies of target my_ros2_package__rosidl_typesupport_c__pyext[0m
[4.203s] [35m[1mScanning dependencies of target my_ros2_package__rosidl_typesupport_introspection_c__pyext[0m
[4.203s] [35m[1mScanning dependencies of target my_ros2_package__rosidl_typesupport_fastrtps_c__pyext[0m
[4.218s] [ 87%] [32mBuilding C object CMakeFiles/my_ros2_package__rosidl_typesupport_introspection_c__pyext.dir/rosidl_generator_py/my_ros2_package/_my_ros2_package_s.ep.rosidl_typesupport_introspection_c.c.o[0m
[4.218s] [ 87%] [32mBuilding C object CMakeFiles/my_ros2_package__rosidl_typesupport_c__pyext.dir/rosidl_generator_py/my_ros2_package/_my_ros2_package_s.ep.rosidl_typesupport_c.c.o[0m
[4.219s] [ 90%] [32mBuilding C object CMakeFiles/my_ros2_package__rosidl_typesupport_fastrtps_c__pyext.dir/rosidl_generator_py/my_ros2_package/_my_ros2_package_s.ep.rosidl_typesupport_fastrtps_c.c.o[0m
[4.303s] [ 96%] [32m[1mLinking C shared library rosidl_generator_py/my_ros2_package/my_ros2_package_s__rosidl_typesupport_c.cpython-38-x86_64-linux-gnu.so[0m
[4.304s] [ 96%] [32m[1mLinking C shared library rosidl_generator_py/my_ros2_package/my_ros2_package_s__rosidl_typesupport_introspection_c.cpython-38-x86_64-linux-gnu.so[0m
[4.304s] [100%] [32m[1mLinking CXX shared library rosidl_generator_py/my_ros2_package/my_ros2_package_s__rosidl_typesupport_fastrtps_c.cpython-38-x86_64-linux-gnu.so[0m
[4.339s] [100%] Built target my_ros2_package__rosidl_typesupport_introspection_c__pyext
[4.339s] [100%] Built target my_ros2_package__rosidl_typesupport_c__pyext
[4.366s] [100%] Built target my_ros2_package__rosidl_typesupport_fastrtps_c__pyext
[4.375s] Invoked command in '/home/lab/ros2_ws/build/my_ros2_package' returned '0': CMAKE_PREFIX_PATH=${CMAKE_PREFIX_PATH}:/opt/ros/foxy /usr/bin/cmake --build /home/lab/ros2_ws/build/my_ros2_package -- -j12 -l12
[4.425s] Invoking command in '/home/lab/ros2_ws/build/my_ros2_package': CMAKE_PREFIX_PATH=${CMAKE_PREFIX_PATH}:/opt/ros/foxy /usr/bin/cmake --install /home/lab/ros2_ws/build/my_ros2_package
[4.432s] -- Install configuration: ""
[4.432s] -- Installing: /home/lab/ros2_ws/install/my_ros2_package/share/ament_index/resource_index/rosidl_interfaces/my_ros2_package
[4.432s] -- Installing: /home/lab/ros2_ws/install/my_ros2_package/include/my_ros2_package
[4.432s] -- Installing: /home/lab/ros2_ws/install/my_ros2_package/include/my_ros2_package/msg
[4.432s] -- Installing: /home/lab/ros2_ws/install/my_ros2_package/include/my_ros2_package/msg/rosidl_generator_c__visibility_control.h
[4.432s] -- Installing: /home/lab/ros2_ws/install/my_ros2_package/include/my_ros2_package/action
[4.433s] -- Installing: /home/lab/ros2_ws/install/my_ros2_package/include/my_ros2_package/action/countdown.h
[4.433s] -- Installing: /home/lab/ros2_ws/install/my_ros2_package/include/my_ros2_package/action/detail
[4.433s] -- Installing: /home/lab/ros2_ws/install/my_ros2_package/include/my_ros2_package/action/detail/countdown__struct.h
[4.433s] -- Installing: /home/lab/ros2_ws/install/my_ros2_package/include/my_ros2_package/action/detail/countdown__type_support.h
[4.433s] -- Installing: /home/lab/ros2_ws/install/my_ros2_package/include/my_ros2_package/action/detail/countdown__functions.c
[4.433s] -- Installing: /home/lab/ros2_ws/install/my_ros2_package/include/my_ros2_package/action/detail/countdown__functions.h
[4.433s] -- Installing: /home/lab/ros2_ws/install/my_ros2_package/share/my_ros2_package/environment/library_path.sh
[4.433s] -- Installing: /home/lab/ros2_ws/install/my_ros2_package/share/my_ros2_package/environment/library_path.dsv
[4.433s] -- Installing: /home/lab/ros2_ws/install/my_ros2_package/lib/libmy_ros2_package__rosidl_generator_c.so
[4.434s] -- Set runtime path of "/home/lab/ros2_ws/install/my_ros2_package/lib/libmy_ros2_package__rosidl_generator_c.so" to ""
[4.434s] -- Up-to-date: /home/lab/ros2_ws/install/my_ros2_package/include/my_ros2_package
[4.434s] -- Up-to-date: /home/lab/ros2_ws/install/my_ros2_package/include/my_ros2_package/msg
[4.434s] -- Installing: /home/lab/ros2_ws/install/my_ros2_package/include/my_ros2_package/msg/rosidl_typesupport_fastrtps_c__visibility_control.h
[4.434s] -- Up-to-date: /home/lab/ros2_ws/install/my_ros2_package/include/my_ros2_package/action
[4.434s] -- Up-to-date: /home/lab/ros2_ws/install/my_ros2_package/include/my_ros2_package/action/detail
[4.434s] -- Installing: /home/lab/ros2_ws/install/my_ros2_package/include/my_ros2_package/action/detail/countdown__rosidl_typesupport_fastrtps_c.h
[4.434s] -- Installing: /home/lab/ros2_ws/install/my_ros2_package/lib/libmy_ros2_package__rosidl_typesupport_fastrtps_c.so
[4.435s] -- Set runtime path of "/home/lab/ros2_ws/install/my_ros2_package/lib/libmy_ros2_package__rosidl_typesupport_fastrtps_c.so" to ""
[4.435s] -- Up-to-date: /home/lab/ros2_ws/install/my_ros2_package/include/my_ros2_package
[4.435s] -- Up-to-date: /home/lab/ros2_ws/install/my_ros2_package/include/my_ros2_package/msg
[4.435s] -- Installing: /home/lab/ros2_ws/install/my_ros2_package/include/my_ros2_package/msg/rosidl_typesupport_fastrtps_cpp__visibility_control.h
[4.435s] -- Up-to-date: /home/lab/ros2_ws/install/my_ros2_package/include/my_ros2_package/action
[4.435s] -- Up-to-date: /home/lab/ros2_ws/install/my_ros2_package/include/my_ros2_package/action/detail
[4.435s] -- Installing: /home/lab/ros2_ws/install/my_ros2_package/include/my_ros2_package/action/detail/dds_fastrtps
[4.435s] -- Installing: /home/lab/ros2_ws/install/my_ros2_package/include/my_ros2_package/action/detail/countdown__rosidl_typesupport_fastrtps_cpp.hpp
[4.435s] -- Installing: /home/lab/ros2_ws/install/my_ros2_package/lib/libmy_ros2_package__rosidl_typesupport_fastrtps_cpp.so
[4.436s] -- Set runtime path of "/home/lab/ros2_ws/install/my_ros2_package/lib/libmy_ros2_package__rosidl_typesupport_fastrtps_cpp.so" to ""
[4.436s] -- Up-to-date: /home/lab/ros2_ws/install/my_ros2_package/include/my_ros2_package
[4.436s] -- Up-to-date: /home/lab/ros2_ws/install/my_ros2_package/include/my_ros2_package/msg
[4.436s] -- Installing: /home/lab/ros2_ws/install/my_ros2_package/include/my_ros2_package/msg/rosidl_typesupport_introspection_c__visibility_control.h
[4.436s] -- Up-to-date: /home/lab/ros2_ws/install/my_ros2_package/include/my_ros2_package/action
[4.436s] -- Up-to-date: /home/lab/ros2_ws/install/my_ros2_package/include/my_ros2_package/action/detail
[4.436s] -- Installing: /home/lab/ros2_ws/install/my_ros2_package/include/my_ros2_package/action/detail/countdown__type_support.c
[4.436s] -- Installing: /home/lab/ros2_ws/install/my_ros2_package/include/my_ros2_package/action/detail/countdown__rosidl_typesupport_introspection_c.h
[4.436s] -- Installing: /home/lab/ros2_ws/install/my_ros2_package/lib/libmy_ros2_package__rosidl_typesupport_introspection_c.so
[4.437s] -- Set runtime path of "/home/lab/ros2_ws/install/my_ros2_package/lib/libmy_ros2_package__rosidl_typesupport_introspection_c.so" to ""
[4.437s] -- Installing: /home/lab/ros2_ws/install/my_ros2_package/lib/libmy_ros2_package__rosidl_typesupport_c.so
[4.437s] -- Set runtime path of "/home/lab/ros2_ws/install/my_ros2_package/lib/libmy_ros2_package__rosidl_typesupport_c.so" to ""
[4.437s] -- Up-to-date: /home/lab/ros2_ws/install/my_ros2_package/include/my_ros2_package
[4.437s] -- Up-to-date: /home/lab/ros2_ws/install/my_ros2_package/include/my_ros2_package/msg
[4.437s] -- Installing: /home/lab/ros2_ws/install/my_ros2_package/include/my_ros2_package/msg/rosidl_generator_cpp__visibility_control.hpp
[4.438s] -- Up-to-date: /home/lab/ros2_ws/install/my_ros2_package/include/my_ros2_package/action
[4.438s] -- Installing: /home/lab/ros2_ws/install/my_ros2_package/include/my_ros2_package/action/countdown.hpp
[4.438s] -- Up-to-date: /home/lab/ros2_ws/install/my_ros2_package/include/my_ros2_package/action/detail
[4.438s] -- Installing: /home/lab/ros2_ws/install/my_ros2_package/include/my_ros2_package/action/detail/countdown__type_support.hpp
[4.438s] -- Installing: /home/lab/ros2_ws/install/my_ros2_package/include/my_ros2_package/action/detail/countdown__struct.hpp
[4.438s] -- Installing: /home/lab/ros2_ws/install/my_ros2_package/include/my_ros2_package/action/detail/countdown__traits.hpp
[4.438s] -- Installing: /home/lab/ros2_ws/install/my_ros2_package/include/my_ros2_package/action/detail/countdown__builder.hpp
[4.438s] -- Up-to-date: /home/lab/ros2_ws/install/my_ros2_package/include/my_ros2_package
[4.438s] -- Up-to-date: /home/lab/ros2_ws/install/my_ros2_package/include/my_ros2_package/action
[4.438s] -- Up-to-date: /home/lab/ros2_ws/install/my_ros2_package/include/my_ros2_package/action/detail
[4.438s] -- Installing: /home/lab/ros2_ws/install/my_ros2_package/include/my_ros2_package/action/detail/countdown__type_support.cpp
[4.438s] -- Installing: /home/lab/ros2_ws/install/my_ros2_package/include/my_ros2_package/action/detail/countdown__rosidl_typesupport_introspection_cpp.hpp
[4.438s] -- Installing: /home/lab/ros2_ws/install/my_ros2_package/lib/libmy_ros2_package__rosidl_typesupport_introspection_cpp.so
[4.439s] -- Set runtime path of "/home/lab/ros2_ws/install/my_ros2_package/lib/libmy_ros2_package__rosidl_typesupport_introspection_cpp.so" to ""
[4.439s] -- Installing: /home/lab/ros2_ws/install/my_ros2_package/lib/libmy_ros2_package__rosidl_typesupport_cpp.so
[4.439s] -- Set runtime path of "/home/lab/ros2_ws/install/my_ros2_package/lib/libmy_ros2_package__rosidl_typesupport_cpp.so" to ""
[4.439s] -- Installing: /home/lab/ros2_ws/install/my_ros2_package/share/my_ros2_package/environment/pythonpath.sh
[4.440s] -- Installing: /home/lab/ros2_ws/install/my_ros2_package/share/my_ros2_package/environment/pythonpath.dsv
[4.440s] -- Installing: /home/lab/ros2_ws/install/my_ros2_package/lib/python3.8/site-packages/my_ros2_package/__init__.py
[4.464s] Compiling '/home/lab/ros2_ws/install/my_ros2_package/lib/python3.8/site-packages/my_ros2_package/__init__.py'...
[4.467s] -- Installing: /home/lab/ros2_ws/install/my_ros2_package/lib/python3.8/site-packages/my_ros2_package/action
[4.467s] -- Installing: /home/lab/ros2_ws/install/my_ros2_package/lib/python3.8/site-packages/my_ros2_package/action/__init__.py
[4.468s] -- Installing: /home/lab/ros2_ws/install/my_ros2_package/lib/python3.8/site-packages/my_ros2_package/action/_countdown_s.c
[4.468s] -- Installing: /home/lab/ros2_ws/install/my_ros2_package/lib/python3.8/site-packages/my_ros2_package/action/_countdown.py
[4.468s] -- Installing: /home/lab/ros2_ws/install/my_ros2_package/lib/python3.8/site-packages/my_ros2_package/my_ros2_package_s__rosidl_typesupport_fastrtps_c.cpython-38-x86_64-linux-gnu.so
[4.468s] -- Set runtime path of "/home/lab/ros2_ws/install/my_ros2_package/lib/python3.8/site-packages/my_ros2_package/my_ros2_package_s__rosidl_typesupport_fastrtps_c.cpython-38-x86_64-linux-gnu.so" to ""
[4.469s] -- Installing: /home/lab/ros2_ws/install/my_ros2_package/lib/python3.8/site-packages/my_ros2_package/my_ros2_package_s__rosidl_typesupport_introspection_c.cpython-38-x86_64-linux-gnu.so
[4.469s] -- Set runtime path of "/home/lab/ros2_ws/install/my_ros2_package/lib/python3.8/site-packages/my_ros2_package/my_ros2_package_s__rosidl_typesupport_introspection_c.cpython-38-x86_64-linux-gnu.so" to ""
[4.469s] -- Installing: /home/lab/ros2_ws/install/my_ros2_package/lib/python3.8/site-packages/my_ros2_package/my_ros2_package_s__rosidl_typesupport_c.cpython-38-x86_64-linux-gnu.so
[4.470s] -- Set runtime path of "/home/lab/ros2_ws/install/my_ros2_package/lib/python3.8/site-packages/my_ros2_package/my_ros2_package_s__rosidl_typesupport_c.cpython-38-x86_64-linux-gnu.so" to ""
[4.470s] -- Installing: /home/lab/ros2_ws/install/my_ros2_package/lib/libmy_ros2_package__python.so
[4.470s] -- Set runtime path of "/home/lab/ros2_ws/install/my_ros2_package/lib/libmy_ros2_package__python.so" to ""
[4.470s] -- Installing: /home/lab/ros2_ws/install/my_ros2_package/share/my_ros2_package/action/Countdown.idl
[4.471s] -- Installing: /home/lab/ros2_ws/install/my_ros2_package/share/my_ros2_package/action/Countdown.action
[4.471s] -- Installing: /home/lab/ros2_ws/install/my_ros2_package/share/ament_index/resource_index/package_run_dependencies/my_ros2_package
[4.471s] -- Installing: /home/lab/ros2_ws/install/my_ros2_package/share/ament_index/resource_index/parent_prefix_path/my_ros2_package
[4.471s] -- Installing: /home/lab/ros2_ws/install/my_ros2_package/share/my_ros2_package/environment/ament_prefix_path.sh
[4.471s] -- Installing: /home/lab/ros2_ws/install/my_ros2_package/share/my_ros2_package/environment/ament_prefix_path.dsv
[4.471s] -- Installing: /home/lab/ros2_ws/install/my_ros2_package/share/my_ros2_package/environment/path.sh
[4.471s] -- Installing: /home/lab/ros2_ws/install/my_ros2_package/share/my_ros2_package/environment/path.dsv
[4.471s] -- Installing: /home/lab/ros2_ws/install/my_ros2_package/share/my_ros2_package/local_setup.bash
[4.471s] -- Installing: /home/lab/ros2_ws/install/my_ros2_package/share/my_ros2_package/local_setup.sh
[4.471s] -- Installing: /home/lab/ros2_ws/install/my_ros2_package/share/my_ros2_package/local_setup.zsh
[4.471s] -- Installing: /home/lab/ros2_ws/install/my_ros2_package/share/my_ros2_package/local_setup.dsv
[4.472s] -- Installing: /home/lab/ros2_ws/install/my_ros2_package/share/my_ros2_package/package.dsv
[4.472s] -- Installing: /home/lab/ros2_ws/install/my_ros2_package/share/ament_index/resource_index/packages/my_ros2_package
[4.472s] -- Installing: /home/lab/ros2_ws/install/my_ros2_package/share/my_ros2_package/cmake/my_ros2_package__rosidl_generator_cExport.cmake
[4.472s] -- Installing: /home/lab/ros2_ws/install/my_ros2_package/share/my_ros2_package/cmake/my_ros2_package__rosidl_generator_cExport-noconfig.cmake
[4.472s] -- Installing: /home/lab/ros2_ws/install/my_ros2_package/share/my_ros2_package/cmake/my_ros2_package__rosidl_typesupport_introspection_cExport.cmake
[4.472s] -- Installing: /home/lab/ros2_ws/install/my_ros2_package/share/my_ros2_package/cmake/my_ros2_package__rosidl_typesupport_introspection_cExport-noconfig.cmake
[4.473s] -- Installing: /home/lab/ros2_ws/install/my_ros2_package/share/my_ros2_package/cmake/my_ros2_package__rosidl_typesupport_cExport.cmake
[4.473s] -- Installing: /home/lab/ros2_ws/install/my_ros2_package/share/my_ros2_package/cmake/my_ros2_package__rosidl_typesupport_cExport-noconfig.cmake
[4.473s] -- Installing: /home/lab/ros2_ws/install/my_ros2_package/share/my_ros2_package/cmake/my_ros2_package__rosidl_generator_cppExport.cmake
[4.473s] -- Installing: /home/lab/ros2_ws/install/my_ros2_package/share/my_ros2_package/cmake/my_ros2_package__rosidl_typesupport_introspection_cppExport.cmake
[4.473s] -- Installing: /home/lab/ros2_ws/install/my_ros2_package/share/my_ros2_package/cmake/my_ros2_package__rosidl_typesupport_introspection_cppExport-noconfig.cmake
[4.473s] -- Installing: /home/lab/ros2_ws/install/my_ros2_package/share/my_ros2_package/cmake/my_ros2_package__rosidl_typesupport_cppExport.cmake
[4.473s] -- Installing: /home/lab/ros2_ws/install/my_ros2_package/share/my_ros2_package/cmake/my_ros2_package__rosidl_typesupport_cppExport-noconfig.cmake
[4.474s] -- Installing: /home/lab/ros2_ws/install/my_ros2_package/share/my_ros2_package/cmake/rosidl_cmake-extras.cmake
[4.474s] -- Installing: /home/lab/ros2_ws/install/my_ros2_package/share/my_ros2_package/cmake/ament_cmake_export_dependencies-extras.cmake
[4.474s] -- Installing: /home/lab/ros2_ws/install/my_ros2_package/share/my_ros2_package/cmake/ament_cmake_export_libraries-extras.cmake
[4.474s] -- Installing: /home/lab/ros2_ws/install/my_ros2_package/share/my_ros2_package/cmake/ament_cmake_export_targets-extras.cmake
[4.474s] -- Installing: /home/lab/ros2_ws/install/my_ros2_package/share/my_ros2_package/cmake/ament_cmake_export_include_directories-extras.cmake
[4.474s] -- Installing: /home/lab/ros2_ws/install/my_ros2_package/share/my_ros2_package/cmake/rosidl_cmake_export_typesupport_libraries-extras.cmake
[4.474s] -- Installing: /home/lab/ros2_ws/install/my_ros2_package/share/my_ros2_package/cmake/rosidl_cmake_export_typesupport_targets-extras.cmake
[4.474s] -- Installing: /home/lab/ros2_ws/install/my_ros2_package/share/my_ros2_package/cmake/my_ros2_packageConfig.cmake
[4.474s] -- Installing: /home/lab/ros2_ws/install/my_ros2_package/share/my_ros2_package/cmake/my_ros2_packageConfig-version.cmake
[4.474s] -- Installing: /home/lab/ros2_ws/install/my_ros2_package/share/my_ros2_package/package.xml
[4.477s] Invoked command in '/home/lab/ros2_ws/build/my_ros2_package' returned '0': CMAKE_PREFIX_PATH=${CMAKE_PREFIX_PATH}:/opt/ros/foxy /usr/bin/cmake --install /home/lab/ros2_ws/build/my_ros2_package
